<?xml version="1.0" encoding="UTF-8"?>
<!-- Generated by org.testng.reporters.JUnitXMLReporter -->
<testsuite hostname="davids-air" ignored="0" name="Default test" tests="2" failures="0" timestamp="23 Oct 2018 03:15:44 GMT" time="110.603" errors="0">
  <testcase name="facebook_Login_TC001" time="49.179" classname="com.odt.testcases.UI_Validation_Testcases"/>
  <testcase name="facebook_Login_TC002" time="51.116" classname="com.odt.testcases.UI_Validation_Testcases"/>
</testsuite> <!-- Default test -->
